<?xml version="1.0" encoding="UTF-8"?>
<!-- Generated by org.testng.reporters.JUnitReportReporter -->
<testsuite hostname="KARTHIK" failures="0" tests="1" name="synchronization.Script8_PropertyFileRunner" time="13.507" errors="0" timestamp="2024-12-07T12:25:35 IST" skipped="0">
  <testcase classname="synchronization.Script8_PropertyFileRunner" name="wait1" time="13.507"/>
  <system-out/>
</testsuite> <!-- synchronization.Script8_PropertyFileRunner -->
